/research_jude/rgs01_jude/dept/DNB/core_operations/Bioinformatics/achroni/GitHub/sc-epigenie/run-container
/research_jude/rgs01_jude/dept/DNB/core_operations/Bioinformatics/achroni/GitHub/sc-epigenie/run-container
Python 3.10.12
FastQC v0.11.9
multiqc, version 1.25
pandoc 3.2
Features: +server +lua
Scripting engine: Lua 5.4
User data directory: /home/achroni/.local/share/pandoc
Copyright (C) 2006-2024 John MacFarlane. Web: https://pandoc.org
This is free software; see the source for copying conditions. There is no
warranty, not even for merchantability or fitness for a particular purpose.
TeX 3.141592653 (TeX Live 2025)
kpathsea version 6.4.1
Copyright 2025 D.E. Knuth.
There is NO warranty.  Redistribution of this software is
covered by the terms of both the TeX copyright and
the Lesser GNU General Public License.
For more information about these matters, see the file
named COPYING and the TeX source.
Primary author of TeX: D.E. Knuth.
macs3 3.0.0a7
1/7                  
2/7 [load-library]   
3/7                  
4/7 [unnamed-chunk-1]
5/7                  
6/7 [unnamed-chunk-2]
7/7                  
/usr/bin/pandoc +RTS -K512m -RTS 01-run-test-packages.knit.md --to html4 --from markdown+autolink_bare_uris+tex_math_single_backslash --output /research_jude/rgs01_jude/dept/DNB/core_operations/Bioinformatics/achroni/GitHub/sc-epigenie/run-container/reports/Report-run-test-packages-2025-10-07.html --lua-filter /usr/local/lib/R/site-library/rmarkdown/rmarkdown/lua/pagebreak.lua --lua-filter /usr/local/lib/R/site-library/rmarkdown/rmarkdown/lua/latex-div.lua --embed-resources --standalone --variable bs3=TRUE --section-divs --table-of-contents --toc-depth 2 --variable toc_float=1 --variable toc_selectors=h1,h2 --variable toc_collapsed=1 --variable toc_smooth_scroll=1 --variable toc_print=1 --template /usr/local/lib/R/site-library/rmarkdown/rmd/h/default.html --highlight-style tango --number-sections --variable theme=bootstrap --mathjax --variable 'mathjax-url=https://mathjax.rstudio.com/latest/MathJax.js?config=TeX-AMS-MML_HTMLorMML' --include-in-header /lsf_tmp/270736064.tmpdir/RtmpetbFBF/rmarkdown-stre463477e7c245.html --variable code_folding=hide --variable code_menu=1 
1/7                  
2/7 [load-library]   
3/7                  
4/7 [unnamed-chunk-1]
5/7                  
6/7 [unnamed-chunk-2]
7/7                  
/usr/bin/pandoc +RTS -K512m -RTS 01-run-test-packages.knit.md --to latex --from markdown+autolink_bare_uris+tex_math_single_backslash --output /research_jude/rgs01_jude/dept/DNB/core_operations/Bioinformatics/achroni/GitHub/sc-epigenie/run-container/reports/Report-run-test-packages-2025-10-07.tex --lua-filter /usr/local/lib/R/site-library/rmarkdown/rmarkdown/lua/pagebreak.lua --lua-filter /usr/local/lib/R/site-library/rmarkdown/rmarkdown/lua/latex-div.lua --embed-resources --standalone --table-of-contents --toc-depth 2 --number-sections --highlight-style tango --pdf-engine lualatex --variable graphics --include-in-header /lsf_tmp/270736064.tmpdir/RtmpetbFBF/rmarkdown-stre46342b3379eb.html 
1/6                  
2/6 [load-library]   
3/6                  
4/6 [unnamed-chunk-1]
5/6                  
6/6 [unnamed-chunk-2]
/usr/bin/pandoc +RTS -K512m -RTS 02-run-lsf-problematic-packages.knit.md --to html4 --from markdown+autolink_bare_uris+tex_math_single_backslash --output /research_jude/rgs01_jude/dept/DNB/core_operations/Bioinformatics/achroni/GitHub/sc-epigenie/run-container/reports/Report-run-lsf-problematic-packages-2025-10-07.html --lua-filter /usr/local/lib/R/site-library/rmarkdown/rmarkdown/lua/pagebreak.lua --lua-filter /usr/local/lib/R/site-library/rmarkdown/rmarkdown/lua/latex-div.lua --embed-resources --standalone --variable bs3=TRUE --section-divs --table-of-contents --toc-depth 2 --variable toc_float=1 --variable toc_selectors=h1,h2 --variable toc_collapsed=1 --variable toc_smooth_scroll=1 --variable toc_print=1 --template /usr/local/lib/R/site-library/rmarkdown/rmd/h/default.html --highlight-style tango --number-sections --variable theme=bootstrap --mathjax --variable 'mathjax-url=https://mathjax.rstudio.com/latest/MathJax.js?config=TeX-AMS-MML_HTMLorMML' --include-in-header /lsf_tmp/270736064.tmpdir/Rtmp4sDlGU/rmarkdown-stre68f115234d7.html --variable code_folding=hide --variable code_menu=1 
1/6                  
2/6 [load-library]   
3/6                  
4/6 [unnamed-chunk-1]
5/6                  
6/6 [unnamed-chunk-2]
/usr/bin/pandoc +RTS -K512m -RTS 02-run-lsf-problematic-packages.knit.md --to latex --from markdown+autolink_bare_uris+tex_math_single_backslash --output /research_jude/rgs01_jude/dept/DNB/core_operations/Bioinformatics/achroni/GitHub/sc-epigenie/run-container/reports/Report-run-lsf-problematic-packages-2025-10-07.tex --lua-filter /usr/local/lib/R/site-library/rmarkdown/rmarkdown/lua/pagebreak.lua --lua-filter /usr/local/lib/R/site-library/rmarkdown/rmarkdown/lua/latex-div.lua --embed-resources --standalone --table-of-contents --toc-depth 2 --number-sections --highlight-style tango --pdf-engine lualatex --variable graphics --include-in-header /lsf_tmp/270736064.tmpdir/Rtmp4sDlGU/rmarkdown-stre68f13535752a.html 

------------------------------------------------------------
Sender: LSF System <lsfadmin@noderome204>
Subject: Job 270736064: <run-container> in cluster <hpcf_research_cluster> Done

Job <run-container> was submitted from host <noderome191> by user <achroni> in cluster <hpcf_research_cluster> at Tue Oct  7 13:53:48 2025
Job was executed on host(s) <noderome204>, in queue <standard>, as user <achroni> in cluster <hpcf_research_cluster> at Tue Oct  7 13:53:52 2025
</home/achroni> was used as the home directory.
</research/dept/dnb/core_operations/Bioinformatics/achroni/GitHub/sc-epigenie/run-container/.> was used as the working directory.
Started at Tue Oct  7 13:53:52 2025
Terminated at Tue Oct  7 13:56:04 2025
Results reported at Tue Oct  7 13:56:04 2025

Your job looked like:

------------------------------------------------------------
# LSBATCH: User input
#BSUB -P project
#BSUB -J run-container
#BSUB -oo job.out -eo job.err
#BSUB -n 1
#BSUB -R "rusage[mem=16GB] span[hosts=1]"
#BSUB -cwd "."

singularity exec ../singlecell-r4.4-seurat4.4-signac1.14_latest.sif bash run-container.sh
------------------------------------------------------------

Successfully completed.

Resource usage summary:

    CPU time :                                   103.45 sec.
    Max Memory :                                 1899 MB
    Average Memory :                             1045.07 MB
    Total Requested Memory :                     16384.00 MB
    Delta Memory :                               14485.00 MB
    Max Swap :                                   -
    Max Processes :                              9
    Max Threads :                                23
    Run time :                                   132 sec.
    Turnaround time :                            136 sec.

The output (if any) is above this job summary.



PS:

Read file <job.err> for stderr output of this job.

